<?xml version="1.0" encoding="utf-8"?><testsuites name="pytest tests"><testsuite name="pytest" errors="0" failures="0" skipped="0" tests="6" time="3.589" timestamp="2026-06-14T14:16:06.282397+00:00" hostname="agent-env-e0920e51-ea24-4c15-8cb8-664f952cddd7"><testcase classname="backend.tests.test_captions.TestHealth" name="test_root" time="0.252" /><testcase classname="backend.tests.test_captions.TestCaptionGenerate" name="test_generate_success_yoga" time="2.872" /><testcase classname="backend.tests.test_captions.TestCaptionGenerate" name="test_generate_invalid_category" time="0.048" /><testcase classname="backend.tests.test_captions.TestCaptionGenerate" name="test_generate_topic_too_short" time="0.049" /><testcase classname="backend.tests.test_captions.TestCaptionGenerate" name="test_generate_missing_fields" time="0.045" /><testcase classname="backend.tests.test_captions.TestCaptionGenerate" name="test_generate_invalid_tone" time="0.046" /></testsuite></testsuites>